<?xml version="1.0" encoding="UTF-8" ?>
<testsuite tests="0" failures="0" name="generators.ParserMathTest" time="0" errors="0" skipped="0">
  <properties>
    <property name="idea.version" value="2021.3"/>
    <property name="java.runtime.name" value="OpenJDK Runtime Environment"/>
    <property name="java.vm.version" value="17.0.1+12-39"/>
    <property name="sun.boot.library.path" value="C:\Users\Noteb\.jdks\openjdk-17.0.1\bin"/>
    <property name="maven.multiModuleProjectDirectory" value="C:\Users\Noteb\Downloads\Lab4 (Parser generator)"/>
    <property name="java.vm.vendor" value="Oracle Corporation"/>
    <property name="java.vendor.url" value="https://java.oracle.com/"/>
    <property name="guice.disable.misplaced.annotation.check" value="true"/>
    <property name="path.separator" value=";"/>
    <property name="java.vm.name" value="OpenJDK 64-Bit Server VM"/>
    <property name="sun.os.patch.level" value=""/>
    <property name="user.script" value=""/>
    <property name="user.country" value="RU"/>
    <property name="sun.java.launcher" value="SUN_STANDARD"/>
    <property name="java.vm.specification.name" value="Java Virtual Machine Specification"/>
    <property name="user.dir" value="C:\Users\Noteb\Downloads\Lab4 (Parser generator)"/>
    <property name="java.vm.compressedOopsMode" value="Zero based"/>
    <property name="java.runtime.version" value="17.0.1+12-39"/>
    <property name="os.arch" value="amd64"/>
    <property name="java.io.tmpdir" value="C:\Users\Noteb\AppData\Local\Temp\"/>
    <property name="line.separator" value="
"/>
    <property name="java.vm.specification.vendor" value="Oracle Corporation"/>
    <property name="user.variant" value=""/>
    <property name="os.name" value="Windows 10"/>
    <property name="maven.ext.class.path" value="C:\Users\Noteb\AppData\Local\JetBrains\Toolbox\apps\IDEA-U\ch-0\213.5744.223\plugins\maven\lib\maven-event-listener.jar"/>
    <property name="classworlds.conf" value="C:\Users\Noteb\AppData\Local\JetBrains\Toolbox\apps\IDEA-U\ch-0\213.5744.223\plugins\maven\lib\maven3\bin\m2.conf"/>
    <property name="sun.jnu.encoding" value="Cp1251"/>
    <property name="java.library.path" value="C:\Users\Noteb\.jdks\openjdk-17.0.1\bin;C:\WINDOWS\Sun\Java\bin;C:\WINDOWS\system32;C:\WINDOWS;C:\Program Files\Haskell\bin;C:\Program Files\Haskell Platform\2014.2.0.0\lib\extralibs\bin;C:\Program Files\Haskell Platform\2014.2.0.0\bin;C:\Perl64\site\bin;C:\Perl64\bin;C:\Program Files\Java\jdk-13.0.2\bin\;C:\WINDOWS\system32;C:\WINDOWS;C:\WINDOWS\System32\Wbem;C:\WINDOWS\System32\WindowsPowerShell\v1.0\;C:\WINDOWS\System32\OpenSSH\;C:\Program Files\Git\cmd;C:\Program Files\swipl\bin;C:\Program Files\cURL\bin;C:\ProgramData\pbox;C:\Programs\maven3\bin;C:\Program Files\nodejs\;C:\Program Files\Haskell Platform\2014.2.0.0\mingw\bin;C:\Programs\msys\usr\bin;C:\ProgramData\chocolatey\bin;C:\Users\Noteb\AppData\Roaming\cabal\bin;C:\Users\Noteb\AppData\Roaming\local\bin;C:\Users\Noteb\AppData\Local\Programs\Python\Python39\Scripts\;C:\Users\Noteb\AppData\Local\Programs\Python\Python39\;C:\MinGW\bin;C:\Program Files\Java\jdk-13.0.2\bin;C:\Program Files\JetBrains\WebStorm 2019.3.3\bin;;C:\Users\Noteb\AppData\Roaming\npm;C:\Users\Noteb\AppData\Local\Microsoft\WindowsApps;C:\Users\Noteb\AppData\Local\Programs\Microsoft VS Code\bin;C:\tools\ghc-9.0.1\bin;C:\tools\msys64;C:\Program Files\Graphviz\bin;."/>
    <property name="maven.conf" value="C:\Users\Noteb\AppData\Local\JetBrains\Toolbox\apps\IDEA-U\ch-0\213.5744.223\plugins\maven\lib\maven3/conf"/>
    <property name="jdk.debug" value="release"/>
    <property name="java.class.version" value="61.0"/>
    <property name="java.specification.name" value="Java Platform API Specification"/>
    <property name="sun.management.compiler" value="HotSpot 64-Bit Tiered Compilers"/>
    <property name="os.version" value="10.0"/>
    <property name="user.home" value="C:\Users\Noteb"/>
    <property name="user.timezone" value="Asia/Novosibirsk"/>
    <property name="file.encoding" value="UTF-8"/>
    <property name="java.specification.version" value="17"/>
    <property name="user.name" value="Noteb"/>
    <property name="java.class.path" value="C:\Users\Noteb\AppData\Local\JetBrains\Toolbox\apps\IDEA-U\ch-0\213.5744.223\plugins\maven\lib\maven3\boot\plexus-classworlds-2.6.0.jar;C:\Users\Noteb\AppData\Local\JetBrains\Toolbox\apps\IDEA-U\ch-0\213.5744.223\plugins\maven\lib\maven3\boot\plexus-classworlds.license"/>
    <property name="java.vm.specification.version" value="17"/>
    <property name="sun.arch.data.model" value="64"/>
    <property name="sun.java.command" value="org.codehaus.classworlds.Launcher -Didea.version=2021.3 test"/>
    <property name="java.home" value="C:\Users\Noteb\.jdks\openjdk-17.0.1"/>
    <property name="user.language" value="ru"/>
    <property name="java.specification.vendor" value="Oracle Corporation"/>
    <property name="java.vm.info" value="mixed mode, sharing"/>
    <property name="java.version" value="17.0.1"/>
    <property name="native.encoding" value="Cp1251"/>
    <property name="java.vendor" value="Oracle Corporation"/>
    <property name="maven.home" value="C:\Users\Noteb\AppData\Local\JetBrains\Toolbox\apps\IDEA-U\ch-0\213.5744.223\plugins\maven\lib\maven3"/>
    <property name="file.separator" value="\"/>
    <property name="java.version.date" value="2021-10-19"/>
    <property name="java.vendor.url.bug" value="https://bugreport.java.com/bugreport/"/>
    <property name="sun.io.unicode.encoding" value="UnicodeLittle"/>
    <property name="sun.cpu.endian" value="little"/>
    <property name="sun.cpu.isalist" value="amd64"/>
  </properties>
</testsuite>